10:47:44 **** Incremental Build of configuration Debug for project Lab0 ****
cmake --build Debug 
-- Configuring done (0.0s)
-- Generating done (0.0s)
-- Build files have been written to: /home/billcipher/Documents/PenLab/Lab0/Debug
[ 20%] Building C object CMakeFiles/Lab0.dir/Sources/main.c.obj
[ 40%] Linking C executable Lab0.elf
   text	   data	    bss	    dec	    hex	filename
   5724	     92	   1900	   7716	   1e24	/home/billcipher/Documents/PenLab/Lab0/Debug/Lab0.elf
[100%] Built target Lab0
10:47:46 **** Incremental Build of configuration Debug for project Lab0 ****
cmake --build Debug 
[100%] Built target Lab0
10:48:08 **** Incremental Build of configuration Debug for project Lab0 ****
cmake --build Debug 
[100%] Built target Lab0
10:49:01 **** Incremental Build of configuration Debug for project Lab0 ****
cmake --build Debug 
[ 20%] Building C object CMakeFiles/Lab0.dir/Sources/main.c.obj
[ 40%] Linking C executable Lab0.elf
   text	   data	    bss	    dec	    hex	filename
   5692	     92	   1900	   7684	   1e04	/home/billcipher/Documents/PenLab/Lab0/Debug/Lab0.elf
[100%] Built target Lab0
10:49:20 **** Incremental Build of configuration Debug for project Lab0 ****
cmake --build Debug 
[100%] Built target Lab0
11:33:34 **** Incremental Build of configuration Debug for project Lab0 ****
cmake --build Debug 
[ 20%] Building C object CMakeFiles/Lab0.dir/Sources/main.c.obj
/home/billcipher/Documents/PenLab/Lab0/Sources/main.c: In function 'configUart1':
/home/billcipher/Documents/PenLab/Lab0/Sources/main.c:56:22: error: 'USART_CR3_TCBGTIE' undeclared (first use in this function); did you mean 'USART_CR3_CTSIE'?
   56 |     USART1->CR3 &= ~(USART_CR3_TCBGTIE  // NO TRANSMISSION COMPLETE BEFORE GUART TIME INTERRUPT (24)
      |                      ^~~~~~~~~~~~~~~~~
      |                      USART_CR3_CTSIE
/home/billcipher/Documents/PenLab/Lab0/Sources/main.c:56:22: note: each undeclared identifier is reported only once for each function it appears in
/home/billcipher/Documents/PenLab/Lab0/Sources/main.c: In function 'BNO_INITIALIZE':
/home/billcipher/Documents/PenLab/Lab0/Sources/main.c:79:25: error: 'RCC_APB1ENR_USART1EN' undeclared (first use in this function); did you mean 'RCC_APB1ENR_USART2EN'?
   79 |         RCC->APB2ENR |= RCC_APB1ENR_USART1EN;
      |                         ^~~~~~~~~~~~~~~~~~~~
      |                         RCC_APB1ENR_USART2EN
/home/billcipher/Documents/PenLab/Lab0/Sources/main.c: In function 'read_bno_packet':
/home/billcipher/Documents/PenLab/Lab0/Sources/main.c:106:21: error: implicit declaration of function 'uart2_recv'; did you mean 'uart1_recv'? [-Wimplicit-function-declaration]
  106 |         header[i] = uart2_recv();
      |                     ^~~~~~~~~~
      |                     uart1_recv
gmake[2]: *** [CMakeFiles/Lab0.dir/build.make:89: CMakeFiles/Lab0.dir/Sources/main.c.obj] Error 1
gmake[1]: *** [CMakeFiles/Makefile2:83: CMakeFiles/Lab0.dir/all] Error 2
gmake: *** [Makefile:91: all] Error 2
"cmake --build Debug" terminated with exit code 2. Build might be incomplete.
11:33:43 **** Incremental Build of configuration Debug for project Lab0 ****
cmake --build Debug 
[ 20%] Building C object CMakeFiles/Lab0.dir/Sources/main.c.obj
/home/billcipher/Documents/PenLab/Lab0/Sources/main.c: In function 'configUart1':
/home/billcipher/Documents/PenLab/Lab0/Sources/main.c:56:22: error: 'USART_CR3_TCBGTIE' undeclared (first use in this function); did you mean 'USART_CR3_CTSIE'?
   56 |     USART1->CR3 &= ~(USART_CR3_TCBGTIE  // NO TRANSMISSION COMPLETE BEFORE GUART TIME INTERRUPT (24)
      |                      ^~~~~~~~~~~~~~~~~
      |                      USART_CR3_CTSIE
/home/billcipher/Documents/PenLab/Lab0/Sources/main.c:56:22: note: each undeclared identifier is reported only once for each function it appears in
/home/billcipher/Documents/PenLab/Lab0/Sources/main.c: In function 'BNO_INITIALIZE':
/home/billcipher/Documents/PenLab/Lab0/Sources/main.c:79:25: error: 'RCC_APB1ENR_USART1EN' undeclared (first use in this function); did you mean 'RCC_APB1ENR_USART2EN'?
   79 |         RCC->APB2ENR |= RCC_APB1ENR_USART1EN;
      |                         ^~~~~~~~~~~~~~~~~~~~
      |                         RCC_APB1ENR_USART2EN
gmake[2]: *** [CMakeFiles/Lab0.dir/build.make:89: CMakeFiles/Lab0.dir/Sources/main.c.obj] Error 1
gmake[1]: *** [CMakeFiles/Makefile2:83: CMakeFiles/Lab0.dir/all] Error 2
gmake: *** [Makefile:91: all] Error 2
"cmake --build Debug" terminated with exit code 2. Build might be incomplete.
11:35:15 **** Incremental Build of configuration Debug for project Lab0 ****
cmake --build Debug 
[ 20%] Building C object CMakeFiles/Lab0.dir/Sources/main.c.obj
/home/billcipher/Documents/PenLab/Lab0/Sources/main.c: In function 'configUart1':
/home/billcipher/Documents/PenLab/Lab0/Sources/main.c:56:22: error: 'USART_CR3_TCBGTIE' undeclared (first use in this function); did you mean 'USART_CR3_CTSIE'?
   56 |     USART1->CR3 &= ~(USART_CR3_TCBGTIE  // NO TRANSMISSION COMPLETE BEFORE GUART TIME INTERRUPT (24)
      |                      ^~~~~~~~~~~~~~~~~
      |                      USART_CR3_CTSIE
/home/billcipher/Documents/PenLab/Lab0/Sources/main.c:56:22: note: each undeclared identifier is reported only once for each function it appears in
/home/billcipher/Documents/PenLab/Lab0/Sources/main.c: In function 'BNO_INITIALIZE':
/home/billcipher/Documents/PenLab/Lab0/Sources/main.c:78:14: error: 'RCC_TypeDef' has no member named 'AHB2ENR'; did you mean 'AHBENR'?
   78 |         RCC->AHB2ENR  |= RCC_AHB2ENR_GPIOAEN;
      |              ^~~~~~~
      |              AHBENR
/home/billcipher/Documents/PenLab/Lab0/Sources/main.c:78:26: error: 'RCC_AHB2ENR_GPIOAEN' undeclared (first use in this function); did you mean 'RCC_AHBENR_GPIOAEN'?
   78 |         RCC->AHB2ENR  |= RCC_AHB2ENR_GPIOAEN;
      |                          ^~~~~~~~~~~~~~~~~~~
      |                          RCC_AHBENR_GPIOAEN
gmake[2]: *** [CMakeFiles/Lab0.dir/build.make:89: CMakeFiles/Lab0.dir/Sources/main.c.obj] Error 1
gmake[1]: *** [CMakeFiles/Makefile2:83: CMakeFiles/Lab0.dir/all] Error 2
gmake: *** [Makefile:91: all] Error 2
"cmake --build Debug" terminated with exit code 2. Build might be incomplete.
11:36:09 **** Incremental Build of configuration Debug for project Lab0 ****
cmake --build Debug 
[ 20%] Building C object CMakeFiles/Lab0.dir/Sources/main.c.obj
/home/billcipher/Documents/PenLab/Lab0/Sources/main.c: In function 'configUart1':
/home/billcipher/Documents/PenLab/Lab0/Sources/main.c:56:22: error: 'USART_CR3_TCBGTIE' undeclared (first use in this function); did you mean 'USART_CR3_CTSIE'?
   56 |     USART1->CR3 &= ~(USART_CR3_TCBGTIE  // NO TRANSMISSION COMPLETE BEFORE GUART TIME INTERRUPT (24)
      |                      ^~~~~~~~~~~~~~~~~
      |                      USART_CR3_CTSIE
/home/billcipher/Documents/PenLab/Lab0/Sources/main.c:56:22: note: each undeclared identifier is reported only once for each function it appears in
/home/billcipher/Documents/PenLab/Lab0/Sources/main.c: In function 'BNO_INITIALIZE':
/home/billcipher/Documents/PenLab/Lab0/Sources/main.c:78:14: error: 'RCC_TypeDef' has no member named 'AHB2ENR'; did you mean 'AHBENR'?
   78 |         RCC->AHB2ENR  |= RCC_AHBENR_GPIOAEN;
      |              ^~~~~~~
      |              AHBENR
gmake[2]: *** [CMakeFiles/Lab0.dir/build.make:89: CMakeFiles/Lab0.dir/Sources/main.c.obj] Error 1
gmake[1]: *** [CMakeFiles/Makefile2:83: CMakeFiles/Lab0.dir/all] Error 2
gmake: *** [Makefile:91: all] Error 2
"cmake --build Debug" terminated with exit code 2. Build might be incomplete.
11:36:20 **** Incremental Build of configuration Debug for project Lab0 ****
cmake --build Debug 
[ 20%] Building C object CMakeFiles/Lab0.dir/Sources/main.c.obj
/home/billcipher/Documents/PenLab/Lab0/Sources/main.c: In function 'configUart1':
/home/billcipher/Documents/PenLab/Lab0/Sources/main.c:56:22: error: 'USART_CR3_TCBGTIE' undeclared (first use in this function); did you mean 'USART_CR3_CTSIE'?
   56 |     USART1->CR3 &= ~(USART_CR3_TCBGTIE  // NO TRANSMISSION COMPLETE BEFORE GUART TIME INTERRUPT (24)
      |                      ^~~~~~~~~~~~~~~~~
      |                      USART_CR3_CTSIE
/home/billcipher/Documents/PenLab/Lab0/Sources/main.c:56:22: note: each undeclared identifier is reported only once for each function it appears in
gmake[2]: *** [CMakeFiles/Lab0.dir/build.make:89: CMakeFiles/Lab0.dir/Sources/main.c.obj] Error 1
gmake[1]: *** [CMakeFiles/Makefile2:83: CMakeFiles/Lab0.dir/all] Error 2
gmake: *** [Makefile:91: all] Error 2
"cmake --build Debug" terminated with exit code 2. Build might be incomplete.
11:36:52 **** Incremental Build of configuration Debug for project Lab0 ****
cmake --build Debug 
[ 20%] Building C object CMakeFiles/Lab0.dir/Sources/main.c.obj
[ 40%] Linking C executable Lab0.elf
   text	   data	    bss	    dec	    hex	filename
   5724	     92	   1900	   7716	   1e24	/home/billcipher/Documents/PenLab/Lab0/Debug/Lab0.elf
[100%] Built target Lab0
11:37:02 **** Incremental Build of configuration Debug for project Lab0 ****
cmake --build Debug 
[100%] Built target Lab0
11:37:10 **** Incremental Build of configuration Debug for project Lab0 ****
cmake --build Debug 
[100%] Built target Lab0
12:49:14 **** Incremental Build of configuration Debug for project Lab0 ****
cmake --build Debug 
[ 20%] Building C object CMakeFiles/Lab0.dir/Sources/main.c.obj
[ 40%] Linking C executable Lab0.elf
   text	   data	    bss	    dec	    hex	filename
   5756	     92	   1900	   7748	   1e44	/home/billcipher/Documents/PenLab/Lab0/Debug/Lab0.elf
[100%] Built target Lab0
12:49:35 **** Incremental Build of configuration Debug for project Lab0 ****
cmake --build Debug 
[100%] Built target Lab0
12:51:13 **** Incremental Build of configuration Debug for project Lab0 ****
cmake --build Debug 
[ 20%] Building C object CMakeFiles/Lab0.dir/Sources/main.c.obj
[ 40%] Linking C executable Lab0.elf
   text	   data	    bss	    dec	    hex	filename
   5764	     92	   1900	   7756	   1e4c	/home/billcipher/Documents/PenLab/Lab0/Debug/Lab0.elf
[100%] Built target Lab0
12:51:32 **** Incremental Build of configuration Debug for project Lab0 ****
cmake --build Debug 
[100%] Built target Lab0
12:55:33 **** Incremental Build of configuration Debug for project Lab0 ****
cmake --build Debug 
[ 20%] Building C object CMakeFiles/Lab0.dir/Sources/main.c.obj
[ 40%] Linking C executable Lab0.elf
   text	   data	    bss	    dec	    hex	filename
   5748	     92	   1900	   7740	   1e3c	/home/billcipher/Documents/PenLab/Lab0/Debug/Lab0.elf
[100%] Built target Lab0
12:55:44 **** Incremental Build of configuration Debug for project Lab0 ****
cmake --build Debug 
[100%] Built target Lab0
12:56:59 **** Incremental Build of configuration Debug for project Lab0 ****
cmake --build Debug 
[ 20%] Building C object CMakeFiles/Lab0.dir/Sources/main.c.obj
[ 40%] Linking C executable Lab0.elf
   text	   data	    bss	    dec	    hex	filename
   5780	     92	   1900	   7772	   1e5c	/home/billcipher/Documents/PenLab/Lab0/Debug/Lab0.elf
[100%] Built target Lab0
13:00:17 **** Incremental Build of configuration Debug for project Lab0 ****
cmake --build Debug 
[ 20%] Building C object CMakeFiles/Lab0.dir/Sources/main.c.obj
[ 40%] Linking C executable Lab0.elf
   text	   data	    bss	    dec	    hex	filename
   5780	     92	   1900	   7772	   1e5c	/home/billcipher/Documents/PenLab/Lab0/Debug/Lab0.elf
[100%] Built target Lab0
13:00:43 **** Incremental Build of configuration Debug for project Lab0 ****
cmake --build Debug 
[100%] Built target Lab0
13:14:40 **** Incremental Build of configuration Debug for project Lab0 ****
cmake --build Debug 
[ 20%] Building C object CMakeFiles/Lab0.dir/Sources/main.c.obj
[ 40%] Linking C executable Lab0.elf
/home/billcipher/arm-gnu-toolchain-14.2.rel1-x86_64-arm-none-eabi/bin/../lib/gcc/arm-none-eabi/14.2.1/../../../../arm-none-eabi/bin/ld: CMakeFiles/Lab0.dir/Sources/main.c.obj: in function `uart1_recv_timeout':
/home/billcipher/Documents/PenLab/Lab0/Sources/main.c:42:(.text+0x104): undefined reference to `SystemCoreClock'
/home/billcipher/arm-gnu-toolchain-14.2.rel1-x86_64-arm-none-eabi/bin/../lib/gcc/arm-none-eabi/14.2.1/../../../../arm-none-eabi/bin/ld: CMakeFiles/Lab0.dir/Sources/main.c.obj: in function `main':
/home/billcipher/Documents/PenLab/Lab0/Sources/main.c:56:(.text+0x162): undefined reference to `SystemCoreClockUpdate'
collect2: error: ld returned 1 exit status
gmake[2]: *** [CMakeFiles/Lab0.dir/build.make:144: Lab0.elf] Error 1
gmake[1]: *** [CMakeFiles/Makefile2:83: CMakeFiles/Lab0.dir/all] Error 2
gmake: *** [Makefile:91: all] Error 2
"cmake --build Debug" terminated with exit code 2. Build might be incomplete.
13:16:57 **** Incremental Build of configuration Debug for project Lab0 ****
cmake --build Debug 
-- Configuring done (0.0s)
-- Generating done (0.0s)
-- Build files have been written to: /home/billcipher/Documents/PenLab/Lab0/Debug
[ 16%] Building C object CMakeFiles/Lab0.dir/Sources/system_stm32f3xx.c.obj
In file included from /home/billcipher/Documents/PenLab/Lab0/Sources/system_stm32f3xx.c:69:
/home/billcipher/Documents/PenLab/Lab0/Includes/device/stm32f3xx.h:153:3: error: #error "Please select first the target STM32F3xx device used in your application (in stm32f3xx.h file)"
  153 |  #error "Please select first the target STM32F3xx device used in your application (in stm32f3xx.h file)"
      |   ^~~~~
/home/billcipher/Documents/PenLab/Lab0/Sources/system_stm32f3xx.c:144:1: error: unknown type name 'uint32_t'
  144 | uint32_t SystemCoreClock = 8000000;
      | ^~~~~~~~
/home/billcipher/Documents/PenLab/Lab0/Sources/system_stm32f3xx.c:70:1: note: 'uint32_t' is defined in header '<stdint.h>'; this is probably fixable by adding '#include <stdint.h>'
   69 | #include "stm32f3xx.h"
  +++ |+#include <stdint.h>
   70 | 
/home/billcipher/Documents/PenLab/Lab0/Sources/system_stm32f3xx.c:146:7: error: unknown type name 'uint8_t'
  146 | const uint8_t AHBPrescTable[16] = {0, 0, 0, 0, 0, 0, 0, 0, 1, 2, 3, 4, 6, 7, 8, 9};
      |       ^~~~~~~
/home/billcipher/Documents/PenLab/Lab0/Sources/system_stm32f3xx.c:146:7: note: 'uint8_t' is defined in header '<stdint.h>'; this is probably fixable by adding '#include <stdint.h>'
/home/billcipher/Documents/PenLab/Lab0/Sources/system_stm32f3xx.c:147:7: error: unknown type name 'uint8_t'
  147 | const uint8_t APBPrescTable[8]  = {0, 0, 0, 0, 1, 2, 3, 4};
      |       ^~~~~~~
/home/billcipher/Documents/PenLab/Lab0/Sources/system_stm32f3xx.c:147:7: note: 'uint8_t' is defined in header '<stdint.h>'; this is probably fixable by adding '#include <stdint.h>'
/home/billcipher/Documents/PenLab/Lab0/Sources/system_stm32f3xx.c: In function 'SystemCoreClockUpdate':
/home/billcipher/Documents/PenLab/Lab0/Sources/system_stm32f3xx.c:221:3: error: unknown type name 'uint32_t'
  221 |   uint32_t tmp = 0, pllmull = 0, pllsource = 0, predivfactor = 0;
      |   ^~~~~~~~
/home/billcipher/Documents/PenLab/Lab0/Sources/system_stm32f3xx.c:221:3: note: 'uint32_t' is defined in header '<stdint.h>'; this is probably fixable by adding '#include <stdint.h>'
/home/billcipher/Documents/PenLab/Lab0/Sources/system_stm32f3xx.c:224:9: error: 'RCC' undeclared (first use in this function)
  224 |   tmp = RCC->CFGR & RCC_CFGR_SWS;
      |         ^~~
/home/billcipher/Documents/PenLab/Lab0/Sources/system_stm32f3xx.c:224:9: note: each undeclared identifier is reported only once for each function it appears in
/home/billcipher/Documents/PenLab/Lab0/Sources/system_stm32f3xx.c:224:21: error: 'RCC_CFGR_SWS' undeclared (first use in this function)
  224 |   tmp = RCC->CFGR & RCC_CFGR_SWS;
      |                     ^~~~~~~~~~~~
/home/billcipher/Documents/PenLab/Lab0/Sources/system_stm32f3xx.c:228:10: error: 'RCC_CFGR_SWS_HSI' undeclared (first use in this function)
  228 |     case RCC_CFGR_SWS_HSI:  /* HSI used as system clock */
      |          ^~~~~~~~~~~~~~~~
/home/billcipher/Documents/PenLab/Lab0/Sources/system_stm32f3xx.c:92:26: error: 'uint32_t' undeclared (first use in this function)
   92 |   #define HSI_VALUE    ((uint32_t)8000000) /*!< Default value of the Internal oscillator in Hz.
      |                          ^~~~~~~~
/home/billcipher/Documents/PenLab/Lab0/Sources/system_stm32f3xx.c:229:25: note: in expansion of macro 'HSI_VALUE'
  229 |       SystemCoreClock = HSI_VALUE;
      |                         ^~~~~~~~~
/home/billcipher/Documents/PenLab/Lab0/Sources/system_stm32f3xx.c:92:26: note: 'uint32_t' is defined in header '<stdint.h>'; this is probably fixable by adding '#include <stdint.h>'
   92 |   #define HSI_VALUE    ((uint32_t)8000000) /*!< Default value of the Internal oscillator in Hz.
      |                          ^~~~~~~~
/home/billcipher/Documents/PenLab/Lab0/Sources/system_stm32f3xx.c:229:25: note: in expansion of macro 'HSI_VALUE'
  229 |       SystemCoreClock = HSI_VALUE;
      |                         ^~~~~~~~~
/home/billcipher/Documents/PenLab/Lab0/Sources/system_stm32f3xx.c:92:35: error: expected ')' before numeric constant
   92 |   #define HSI_VALUE    ((uint32_t)8000000) /*!< Default value of the Internal oscillator in Hz.
      |                        ~          ^~~~~~~
/home/billcipher/Documents/PenLab/Lab0/Sources/system_stm32f3xx.c:229:25: note: in expansion of macro 'HSI_VALUE'
  229 |       SystemCoreClock = HSI_VALUE;
      |                         ^~~~~~~~~
/home/billcipher/Documents/PenLab/Lab0/Sources/system_stm32f3xx.c:231:10: error: 'RCC_CFGR_SWS_HSE' undeclared (first use in this function)
  231 |     case RCC_CFGR_SWS_HSE:  /* HSE used as system clock */
      |          ^~~~~~~~~~~~~~~~
/home/billcipher/Documents/PenLab/Lab0/Sources/system_stm32f3xx.c:87:35: error: expected ')' before numeric constant
   87 |   #define HSE_VALUE    ((uint32_t)8000000) /*!< Default value of the External oscillator in Hz.
      |                        ~          ^~~~~~~
/home/billcipher/Documents/PenLab/Lab0/Sources/system_stm32f3xx.c:232:25: note: in expansion of macro 'HSE_VALUE'
  232 |       SystemCoreClock = HSE_VALUE;
      |                         ^~~~~~~~~
/home/billcipher/Documents/PenLab/Lab0/Sources/system_stm32f3xx.c:234:10: error: 'RCC_CFGR_SWS_PLL' undeclared (first use in this function)
  234 |     case RCC_CFGR_SWS_PLL:  /* PLL used as system clock */
      |          ^~~~~~~~~~~~~~~~
/home/billcipher/Documents/PenLab/Lab0/Sources/system_stm32f3xx.c:236:29: error: 'RCC_CFGR_PLLMUL' undeclared (first use in this function)
  236 |       pllmull = RCC->CFGR & RCC_CFGR_PLLMUL;
      |                             ^~~~~~~~~~~~~~~
/home/billcipher/Documents/PenLab/Lab0/Sources/system_stm32f3xx.c:237:31: error: 'RCC_CFGR_PLLSRC' undeclared (first use in this function)
  237 |       pllsource = RCC->CFGR & RCC_CFGR_PLLSRC;
      |                               ^~~~~~~~~~~~~~~
/home/billcipher/Documents/PenLab/Lab0/Sources/system_stm32f3xx.c:253:24: error: 'RCC_CFGR_PLLSRC_HSI_DIV2' undeclared (first use in this function)
  253 |       if (pllsource == RCC_CFGR_PLLSRC_HSI_DIV2)
      |                        ^~~~~~~~~~~~~~~~~~~~~~~~
/home/billcipher/Documents/PenLab/Lab0/Sources/system_stm32f3xx.c:92:35: error: expected ')' before numeric constant
   92 |   #define HSI_VALUE    ((uint32_t)8000000) /*!< Default value of the Internal oscillator in Hz.
      |                        ~          ^~~~~~~
/home/billcipher/Documents/PenLab/Lab0/Sources/system_stm32f3xx.c:256:28: note: in expansion of macro 'HSI_VALUE'
  256 |         SystemCoreClock = (HSI_VALUE >> 1) * pllmull;
      |                            ^~~~~~~~~
/home/billcipher/Documents/PenLab/Lab0/Sources/system_stm32f3xx.c:260:38: error: 'RCC_CFGR2_PREDIV' undeclared (first use in this function)
  260 |         predivfactor = (RCC->CFGR2 & RCC_CFGR2_PREDIV) + 1;
      |                                      ^~~~~~~~~~~~~~~~
/home/billcipher/Documents/PenLab/Lab0/Sources/system_stm32f3xx.c:87:35: error: expected ')' before numeric constant
   87 |   #define HSE_VALUE    ((uint32_t)8000000) /*!< Default value of the External oscillator in Hz.
      |                        ~          ^~~~~~~
/home/billcipher/Documents/PenLab/Lab0/Sources/system_stm32f3xx.c:262:28: note: in expansion of macro 'HSE_VALUE'
  262 |         SystemCoreClock = (HSE_VALUE / predivfactor) * pllmull;
      |                            ^~~~~~~~~
/home/billcipher/Documents/PenLab/Lab0/Sources/system_stm32f3xx.c:92:35: error: expected ')' before numeric constant
   92 |   #define HSI_VALUE    ((uint32_t)8000000) /*!< Default value of the Internal oscillator in Hz.
      |                        ~          ^~~~~~~
/home/billcipher/Documents/PenLab/Lab0/Sources/system_stm32f3xx.c:267:25: note: in expansion of macro 'HSI_VALUE'
  267 |       SystemCoreClock = HSI_VALUE;
      |                         ^~~~~~~~~
/home/billcipher/Documents/PenLab/Lab0/Sources/system_stm32f3xx.c:272:37: error: 'RCC_CFGR_HPRE' undeclared (first use in this function)
  272 |   tmp = AHBPrescTable[((RCC->CFGR & RCC_CFGR_HPRE) >> 4)];
      |                                     ^~~~~~~~~~~~~
gmake[2]: *** [CMakeFiles/Lab0.dir/build.make:131: CMakeFiles/Lab0.dir/Sources/system_stm32f3xx.c.obj] Error 1
gmake[1]: *** [CMakeFiles/Makefile2:83: CMakeFiles/Lab0.dir/all] Error 2
gmake: *** [Makefile:91: all] Error 2
"cmake --build Debug" terminated with exit code 2. Build might be incomplete.
13:20:24 **** Incremental Build of configuration Debug for project Lab0 ****
cmake --build Debug 
[ 16%] Building C object CMakeFiles/Lab0.dir/Sources/system_stm32f3xx.c.obj
[ 33%] Linking C executable Lab0.elf
   text	   data	    bss	    dec	    hex	filename
   1380	      4	   1564	   2948	    b84	/home/billcipher/Documents/PenLab/Lab0/Debug/Lab0.elf
[100%] Built target Lab0
13:20:40 **** Incremental Build of configuration Debug for project Lab0 ****
cmake --build Debug 
[100%] Built target Lab0
13:25:26 **** Incremental Build of configuration Debug for project Lab0 ****
cmake --build Debug 
[ 16%] Building C object CMakeFiles/Lab0.dir/Sources/main.c.obj
/home/billcipher/Documents/PenLab/Lab0/Sources/main.c:1:10: fatal error: stm32l432xx.h: No such file or directory
    1 | #include "stm32l432xx.h"
      |          ^~~~~~~~~~~~~~~
compilation terminated.
gmake[2]: *** [CMakeFiles/Lab0.dir/build.make:89: CMakeFiles/Lab0.dir/Sources/main.c.obj] Error 1
gmake[1]: *** [CMakeFiles/Makefile2:83: CMakeFiles/Lab0.dir/all] Error 2
gmake: *** [Makefile:91: all] Error 2
"cmake --build Debug" terminated with exit code 2. Build might be incomplete.
13:26:12 **** Incremental Build of configuration Debug for project Lab0 ****
cmake --build Debug 
[ 16%] Building C object CMakeFiles/Lab0.dir/Sources/main.c.obj
/home/billcipher/Documents/PenLab/Lab0/Sources/main.c: In function 'initClocks':
/home/billcipher/Documents/PenLab/Lab0/Sources/main.c:12:10: error: 'RCC_TypeDef' has no member named 'AHB2ENR'; did you mean 'AHBENR'?
   12 |     RCC->AHB2ENR |= RCC_AHB2ENR_GPIOAEN;        // ENABLE GPIO PORT A CLOCK (BIT 0)
      |          ^~~~~~~
      |          AHBENR
/home/billcipher/Documents/PenLab/Lab0/Sources/main.c:12:21: error: 'RCC_AHB2ENR_GPIOAEN' undeclared (first use in this function); did you mean 'RCC_AHBENR_GPIOAEN'?
   12 |     RCC->AHB2ENR |= RCC_AHB2ENR_GPIOAEN;        // ENABLE GPIO PORT A CLOCK (BIT 0)
      |                     ^~~~~~~~~~~~~~~~~~~
      |                     RCC_AHBENR_GPIOAEN
/home/billcipher/Documents/PenLab/Lab0/Sources/main.c:12:21: note: each undeclared identifier is reported only once for each function it appears in
/home/billcipher/Documents/PenLab/Lab0/Sources/main.c: In function 'configUart1':
/home/billcipher/Documents/PenLab/Lab0/Sources/main.c:100:22: error: 'USART_CR3_TCBGTIE' undeclared (first use in this function); did you mean 'USART_CR3_CTSIE'?
  100 |     USART1->CR3 &= ~(USART_CR3_TCBGTIE  // NO TRANSMISSION COMPLETE BEFORE GUART TIME INTERRUPT (24)
      |                      ^~~~~~~~~~~~~~~~~
      |                      USART_CR3_CTSIE
gmake[2]: *** [CMakeFiles/Lab0.dir/build.make:89: CMakeFiles/Lab0.dir/Sources/main.c.obj] Error 1
gmake[1]: *** [CMakeFiles/Makefile2:83: CMakeFiles/Lab0.dir/all] Error 2
gmake: *** [Makefile:91: all] Error 2
"cmake --build Debug" terminated with exit code 2. Build might be incomplete.
13:26:38 **** Incremental Build of configuration Debug for project Lab0 ****
cmake --build Debug 
[ 16%] Building C object CMakeFiles/Lab0.dir/Sources/main.c.obj
/home/billcipher/Documents/PenLab/Lab0/Sources/main.c: In function 'configUart1':
/home/billcipher/Documents/PenLab/Lab0/Sources/main.c:100:22: error: 'USART_CR3_TCBGTIE' undeclared (first use in this function); did you mean 'USART_CR3_CTSIE'?
  100 |     USART1->CR3 &= ~(USART_CR3_TCBGTIE  // NO TRANSMISSION COMPLETE BEFORE GUART TIME INTERRUPT (24)
      |                      ^~~~~~~~~~~~~~~~~
      |                      USART_CR3_CTSIE
/home/billcipher/Documents/PenLab/Lab0/Sources/main.c:100:22: note: each undeclared identifier is reported only once for each function it appears in
gmake[2]: *** [CMakeFiles/Lab0.dir/build.make:89: CMakeFiles/Lab0.dir/Sources/main.c.obj] Error 1
gmake[1]: *** [CMakeFiles/Makefile2:83: CMakeFiles/Lab0.dir/all] Error 2
gmake: *** [Makefile:91: all] Error 2
"cmake --build Debug" terminated with exit code 2. Build might be incomplete.
13:27:39 **** Incremental Build of configuration Debug for project Lab0 ****
cmake --build Debug 
[ 16%] Building C object CMakeFiles/Lab0.dir/Sources/main.c.obj
[ 33%] Linking C executable Lab0.elf
   text	   data	    bss	    dec	    hex	filename
   1420	      4	   1564	   2988	    bac	/home/billcipher/Documents/PenLab/Lab0/Debug/Lab0.elf
[100%] Built target Lab0
13:27:50 **** Incremental Build of configuration Debug for project Lab0 ****
cmake --build Debug 
[100%] Built target Lab0
13:28:32 **** Incremental Build of configuration Debug for project Lab0 ****
cmake --build Debug 
[ 16%] Building C object CMakeFiles/Lab0.dir/Sources/main.c.obj
[ 33%] Linking C executable Lab0.elf
   text	   data	    bss	    dec	    hex	filename
   1420	      4	   1564	   2988	    bac	/home/billcipher/Documents/PenLab/Lab0/Debug/Lab0.elf
[100%] Built target Lab0
13:29:13 **** Incremental Build of configuration Debug for project Lab0 ****
cmake --build Debug 
[100%] Built target Lab0
13:30:14 **** Incremental Build of configuration Debug for project Lab0 ****
cmake --build Debug 
[100%] Built target Lab0
13:40:00 **** Incremental Build of configuration Debug for project Lab0 ****
cmake --build Debug 
[ 16%] Building C object CMakeFiles/Lab0.dir/Sources/main.c.obj
/home/billcipher/Documents/PenLab/Lab0/Sources/main.c: In function 'main':
/home/billcipher/Documents/PenLab/Lab0/Sources/main.c:64:21: error: unused variable 'byte' [-Werror=unused-variable]
   64 |             uint8_t byte = UART1_Receive();
      |                     ^~~~
cc1: all warnings being treated as errors
gmake[2]: *** [CMakeFiles/Lab0.dir/build.make:89: CMakeFiles/Lab0.dir/Sources/main.c.obj] Error 1
gmake[1]: *** [CMakeFiles/Makefile2:83: CMakeFiles/Lab0.dir/all] Error 2
gmake: *** [Makefile:91: all] Error 2
"cmake --build Debug" terminated with exit code 2. Build might be incomplete.
13:40:18 **** Incremental Build of configuration Debug for project Lab0 ****
cmake --build Debug 
[ 16%] Building C object CMakeFiles/Lab0.dir/Sources/main.c.obj
[ 33%] Linking C executable Lab0.elf
   text	   data	    bss	    dec	    hex	filename
   1408	      4	   1564	   2976	    ba0	/home/billcipher/Documents/PenLab/Lab0/Debug/Lab0.elf
[100%] Built target Lab0
13:43:03 **** Incremental Build of configuration Debug for project Lab0 ****
cmake --build Debug 
[ 16%] Building C object CMakeFiles/Lab0.dir/Sources/main.c.obj
/home/billcipher/Documents/PenLab/Lab0/Sources/main.c: In function 'main':
/home/billcipher/Documents/PenLab/Lab0/Sources/main.c:61:13: error: variable 'bno_data' set but not used [-Werror=unused-but-set-variable]
   61 |     uint8_t bno_data[256];
      |             ^~~~~~~~
cc1: all warnings being treated as errors
gmake[2]: *** [CMakeFiles/Lab0.dir/build.make:89: CMakeFiles/Lab0.dir/Sources/main.c.obj] Error 1
gmake[1]: *** [CMakeFiles/Makefile2:83: CMakeFiles/Lab0.dir/all] Error 2
gmake: *** [Makefile:91: all] Error 2
"cmake --build Debug" terminated with exit code 2. Build might be incomplete.
13:43:51 **** Incremental Build of configuration Debug for project Lab0 ****
cmake --build Debug 
[ 16%] Building C object CMakeFiles/Lab0.dir/Sources/main.c.obj
/home/billcipher/Documents/PenLab/Lab0/Sources/main.c: In function 'main':
/home/billcipher/Documents/PenLab/Lab0/Sources/main.c:61:13: error: variable 'bno_data' set but not used [-Werror=unused-but-set-variable]
   61 |     uint8_t bno_data[256] = {0};
      |             ^~~~~~~~
cc1: all warnings being treated as errors
gmake[2]: *** [CMakeFiles/Lab0.dir/build.make:89: CMakeFiles/Lab0.dir/Sources/main.c.obj] Error 1
gmake[1]: *** [CMakeFiles/Makefile2:83: CMakeFiles/Lab0.dir/all] Error 2
gmake: *** [Makefile:91: all] Error 2
"cmake --build Debug" terminated with exit code 2. Build might be incomplete.
13:44:16 **** Incremental Build of configuration Debug for project Lab0 ****
cmake --build Debug 
[ 16%] Building C object CMakeFiles/Lab0.dir/Sources/main.c.obj
/home/billcipher/Documents/PenLab/Lab0/Sources/main.c: In function 'main':
/home/billcipher/Documents/PenLab/Lab0/Sources/main.c:61:13: error: variable 'bno_data' set but not used [-Werror=unused-but-set-variable]
   61 |     uint8_t bno_data[256] = {0};
      |             ^~~~~~~~
cc1: all warnings being treated as errors
gmake[2]: *** [CMakeFiles/Lab0.dir/build.make:89: CMakeFiles/Lab0.dir/Sources/main.c.obj] Error 1
gmake[1]: *** [CMakeFiles/Makefile2:83: CMakeFiles/Lab0.dir/all] Error 2
gmake: *** [Makefile:91: all] Error 2
"cmake --build Debug" terminated with exit code 2. Build might be incomplete.
13:44:51 **** Incremental Build of configuration Debug for project Lab0 ****
cmake --build Debug 
[ 16%] Building C object CMakeFiles/Lab0.dir/Sources/main.c.obj
[ 33%] Linking C executable Lab0.elf
   text	   data	    bss	    dec	    hex	filename
   1516	      4	   1564	   3084	    c0c	/home/billcipher/Documents/PenLab/Lab0/Debug/Lab0.elf
[100%] Built target Lab0
13:45:37 **** Incremental Build of configuration Debug for project Lab0 ****
cmake --build Debug 
[100%] Built target Lab0
13:46:39 **** Incremental Build of configuration Debug for project Lab0 ****
cmake --build Debug 
[100%] Built target Lab0
14:06:23 **** Incremental Build of configuration Debug for project Lab0 ****
cmake --build Debug 
-- Configuring done (0.0s)
-- Generating done (0.0s)
-- Build files have been written to: /home/billcipher/Documents/PenLab/Lab0/Debug
[ 14%] Building ASM object CMakeFiles/Lab0.dir/Startup/startup_stm32f303retx.s.obj
[ 28%] Building C object CMakeFiles/Lab0.dir/Sources/main.c.obj
[ 42%] Building C object CMakeFiles/Lab0.dir/Sources/syscalls.c.obj
[ 57%] Building C object CMakeFiles/Lab0.dir/Sources/sysmem.c.obj
[ 71%] Building C object CMakeFiles/Lab0.dir/Sources/system_stm32f3xx.c.obj
[ 85%] Building C object CMakeFiles/Lab0.dir/Sources/uart.c.obj
In file included from /home/billcipher/Documents/PenLab/Lab0/Sources/uart.c:9:
/home/billcipher/Documents/PenLab/Lab0/Includes/SourceHeaders/uart.h:12:17: error: unknown type name 'uint8_t'
   12 | void UART1_Send(uint8_t data);
      |                 ^~~~~~~
/home/billcipher/Documents/PenLab/Lab0/Includes/SourceHeaders/uart.h:1:1: note: 'uint8_t' is defined in header '<stdint.h>'; this is probably fixable by adding '#include <stdint.h>'
  +++ |+#include <stdint.h>
    1 | /*
/home/billcipher/Documents/PenLab/Lab0/Includes/SourceHeaders/uart.h:13:1: error: unknown type name 'uint8_t'
   13 | uint8_t UART1_Receive(void);
      | ^~~~~~~
/home/billcipher/Documents/PenLab/Lab0/Includes/SourceHeaders/uart.h:13:1: note: 'uint8_t' is defined in header '<stdint.h>'; this is probably fixable by adding '#include <stdint.h>'
/home/billcipher/Documents/PenLab/Lab0/Sources/uart.c: In function 'UART1_Init':
/home/billcipher/Documents/PenLab/Lab0/Sources/uart.c:14:5: error: 'RCC' undeclared (first use in this function)
   14 |     RCC->AHBENR  |= RCC_AHBENR_GPIOAEN;      // Enable GPIOA
      |     ^~~
/home/billcipher/Documents/PenLab/Lab0/Sources/uart.c:14:5: note: each undeclared identifier is reported only once for each function it appears in
/home/billcipher/Documents/PenLab/Lab0/Sources/uart.c:14:21: error: 'RCC_AHBENR_GPIOAEN' undeclared (first use in this function)
   14 |     RCC->AHBENR  |= RCC_AHBENR_GPIOAEN;      // Enable GPIOA
      |                     ^~~~~~~~~~~~~~~~~~
/home/billcipher/Documents/PenLab/Lab0/Sources/uart.c:15:21: error: 'RCC_APB2ENR_USART1EN' undeclared (first use in this function)
   15 |     RCC->APB2ENR |= RCC_APB2ENR_USART1EN;     // Enable USART1
      |                     ^~~~~~~~~~~~~~~~~~~~
/home/billcipher/Documents/PenLab/Lab0/Sources/uart.c:18:5: error: 'GPIOA' undeclared (first use in this function)
   18 |     GPIOA->MODER   &= ~(GPIO_MODER_MODER9 | GPIO_MODER_MODER10);  // Clear
      |     ^~~~~
/home/billcipher/Documents/PenLab/Lab0/Sources/uart.c:18:25: error: 'GPIO_MODER_MODER9' undeclared (first use in this function)
   18 |     GPIOA->MODER   &= ~(GPIO_MODER_MODER9 | GPIO_MODER_MODER10);  // Clear
      |                         ^~~~~~~~~~~~~~~~~
/home/billcipher/Documents/PenLab/Lab0/Sources/uart.c:18:45: error: 'GPIO_MODER_MODER10' undeclared (first use in this function)
   18 |     GPIOA->MODER   &= ~(GPIO_MODER_MODER9 | GPIO_MODER_MODER10);  // Clear
      |                                             ^~~~~~~~~~~~~~~~~~
/home/billcipher/Documents/PenLab/Lab0/Sources/uart.c:19:29: error: 'GPIO_MODER_MODER9_Pos' undeclared (first use in this function)
   19 |     GPIOA->MODER   |= (2 << GPIO_MODER_MODER9_Pos) | (2 << GPIO_MODER_MODER10_Pos); // AF mode
      |                             ^~~~~~~~~~~~~~~~~~~~~
/home/billcipher/Documents/PenLab/Lab0/Sources/uart.c:19:60: error: 'GPIO_MODER_MODER10_Pos' undeclared (first use in this function)
   19 |     GPIOA->MODER   |= (2 << GPIO_MODER_MODER9_Pos) | (2 << GPIO_MODER_MODER10_Pos); // AF mode
      |                                                            ^~~~~~~~~~~~~~~~~~~~~~
/home/billcipher/Documents/PenLab/Lab0/Sources/uart.c:24:5: error: 'USART1' undeclared (first use in this function)
   24 |     USART1->BRR = 0x4C;   // 8MHz / 115200 ≈ 69.44 → BRR = 0x4C (76)
      |     ^~~~~~
/home/billcipher/Documents/PenLab/Lab0/Sources/uart.c:25:19: error: 'USART_CR1_UE' undeclared (first use in this function)
   25 |     USART1->CR1 = USART_CR1_UE | USART_CR1_TE | USART_CR1_RE; // Enable UART, TX, RX
      |                   ^~~~~~~~~~~~
/home/billcipher/Documents/PenLab/Lab0/Sources/uart.c:25:34: error: 'USART_CR1_TE' undeclared (first use in this function)
   25 |     USART1->CR1 = USART_CR1_UE | USART_CR1_TE | USART_CR1_RE; // Enable UART, TX, RX
      |                                  ^~~~~~~~~~~~
/home/billcipher/Documents/PenLab/Lab0/Sources/uart.c:25:49: error: 'USART_CR1_RE' undeclared (first use in this function)
   25 |     USART1->CR1 = USART_CR1_UE | USART_CR1_TE | USART_CR1_RE; // Enable UART, TX, RX
      |                                                 ^~~~~~~~~~~~
/home/billcipher/Documents/PenLab/Lab0/Sources/uart.c: At top level:
/home/billcipher/Documents/PenLab/Lab0/Sources/uart.c:29:17: error: unknown type name 'uint8_t'
   29 | void UART1_Send(uint8_t data) {
      |                 ^~~~~~~
/home/billcipher/Documents/PenLab/Lab0/Sources/uart.c:10:1: note: 'uint8_t' is defined in header '<stdint.h>'; this is probably fixable by adding '#include <stdint.h>'
    9 | #include "uart.h"
  +++ |+#include <stdint.h>
   10 | 
/home/billcipher/Documents/PenLab/Lab0/Sources/uart.c:35:1: error: unknown type name 'uint8_t'
   35 | uint8_t UART1_Receive(void) {
      | ^~~~~~~
/home/billcipher/Documents/PenLab/Lab0/Sources/uart.c:35:1: note: 'uint8_t' is defined in header '<stdint.h>'; this is probably fixable by adding '#include <stdint.h>'
/home/billcipher/Documents/PenLab/Lab0/Sources/uart.c: In function 'UART1_Receive':
/home/billcipher/Documents/PenLab/Lab0/Sources/uart.c:36:5: error: unknown type name 'uint32_t'
   36 |     uint32_t timeout = 100000; // Adjust based on your clock speed
      |     ^~~~~~~~
/home/billcipher/Documents/PenLab/Lab0/Sources/uart.c:36:5: note: 'uint32_t' is defined in header '<stdint.h>'; this is probably fixable by adding '#include <stdint.h>'
/home/billcipher/Documents/PenLab/Lab0/Sources/uart.c:37:13: error: 'USART1' undeclared (first use in this function)
   37 |     while(!(USART1->ISR & USART_ISR_RXNE)) {
      |             ^~~~~~
/home/billcipher/Documents/PenLab/Lab0/Sources/uart.c:37:27: error: 'USART_ISR_RXNE' undeclared (first use in this function)
   37 |     while(!(USART1->ISR & USART_ISR_RXNE)) {
      |                           ^~~~~~~~~~~~~~
/home/billcipher/Documents/PenLab/Lab0/Sources/uart.c: In function 'UART1_SendString':
/home/billcipher/Documents/PenLab/Lab0/Sources/uart.c:46:9: error: implicit declaration of function 'UART1_Send' [-Wimplicit-function-declaration]
   46 |         UART1_Send(*str++);
      |         ^~~~~~~~~~
/home/billcipher/Documents/PenLab/Lab0/Sources/uart.c: In function 'UART1_Receive':
/home/billcipher/Documents/PenLab/Lab0/Sources/uart.c:41:1: error: control reaches end of non-void function [-Werror=return-type]
   41 | }
      | ^
cc1: all warnings being treated as errors
gmake[2]: *** [CMakeFiles/Lab0.dir/build.make:145: CMakeFiles/Lab0.dir/Sources/uart.c.obj] Error 1
gmake[1]: *** [CMakeFiles/Makefile2:83: CMakeFiles/Lab0.dir/all] Error 2
gmake: *** [Makefile:91: all] Error 2
"cmake --build Debug" terminated with exit code 2. Build might be incomplete.
14:06:31 **** Incremental Build of configuration Debug for project Lab0 ****
cmake --build Debug 
[ 14%] Building C object CMakeFiles/Lab0.dir/Sources/uart.c.obj
In file included from /home/billcipher/Documents/PenLab/Lab0/Sources/uart.c:9:
/home/billcipher/Documents/PenLab/Lab0/Includes/SourceHeaders/uart.h:12:17: error: unknown type name 'uint8_t'
   12 | void UART1_Send(uint8_t data);
      |                 ^~~~~~~
/home/billcipher/Documents/PenLab/Lab0/Includes/SourceHeaders/uart.h:1:1: note: 'uint8_t' is defined in header '<stdint.h>'; this is probably fixable by adding '#include <stdint.h>'
  +++ |+#include <stdint.h>
    1 | /*
/home/billcipher/Documents/PenLab/Lab0/Includes/SourceHeaders/uart.h:13:1: error: unknown type name 'uint8_t'
   13 | uint8_t UART1_Receive(void);
      | ^~~~~~~
/home/billcipher/Documents/PenLab/Lab0/Includes/SourceHeaders/uart.h:13:1: note: 'uint8_t' is defined in header '<stdint.h>'; this is probably fixable by adding '#include <stdint.h>'
/home/billcipher/Documents/PenLab/Lab0/Sources/uart.c: In function 'UART1_Init':
/home/billcipher/Documents/PenLab/Lab0/Sources/uart.c:14:5: error: 'RCC' undeclared (first use in this function)
   14 |     RCC->AHBENR  |= RCC_AHBENR_GPIOAEN;      // Enable GPIOA
      |     ^~~
/home/billcipher/Documents/PenLab/Lab0/Sources/uart.c:14:5: note: each undeclared identifier is reported only once for each function it appears in
/home/billcipher/Documents/PenLab/Lab0/Sources/uart.c:14:21: error: 'RCC_AHBENR_GPIOAEN' undeclared (first use in this function)
   14 |     RCC->AHBENR  |= RCC_AHBENR_GPIOAEN;      // Enable GPIOA
      |                     ^~~~~~~~~~~~~~~~~~
/home/billcipher/Documents/PenLab/Lab0/Sources/uart.c:15:21: error: 'RCC_APB2ENR_USART1EN' undeclared (first use in this function)
   15 |     RCC->APB2ENR |= RCC_APB2ENR_USART1EN;     // Enable USART1
      |                     ^~~~~~~~~~~~~~~~~~~~
/home/billcipher/Documents/PenLab/Lab0/Sources/uart.c:18:5: error: 'GPIOA' undeclared (first use in this function)
   18 |     GPIOA->MODER   &= ~(GPIO_MODER_MODER9 | GPIO_MODER_MODER10);  // Clear
      |     ^~~~~
/home/billcipher/Documents/PenLab/Lab0/Sources/uart.c:18:25: error: 'GPIO_MODER_MODER9' undeclared (first use in this function)
   18 |     GPIOA->MODER   &= ~(GPIO_MODER_MODER9 | GPIO_MODER_MODER10);  // Clear
      |                         ^~~~~~~~~~~~~~~~~
/home/billcipher/Documents/PenLab/Lab0/Sources/uart.c:18:45: error: 'GPIO_MODER_MODER10' undeclared (first use in this function)
   18 |     GPIOA->MODER   &= ~(GPIO_MODER_MODER9 | GPIO_MODER_MODER10);  // Clear
      |                                             ^~~~~~~~~~~~~~~~~~
/home/billcipher/Documents/PenLab/Lab0/Sources/uart.c:19:29: error: 'GPIO_MODER_MODER9_Pos' undeclared (first use in this function)
   19 |     GPIOA->MODER   |= (2 << GPIO_MODER_MODER9_Pos) | (2 << GPIO_MODER_MODER10_Pos); // AF mode
      |                             ^~~~~~~~~~~~~~~~~~~~~
/home/billcipher/Documents/PenLab/Lab0/Sources/uart.c:19:60: error: 'GPIO_MODER_MODER10_Pos' undeclared (first use in this function)
   19 |     GPIOA->MODER   |= (2 << GPIO_MODER_MODER9_Pos) | (2 << GPIO_MODER_MODER10_Pos); // AF mode
      |                                                            ^~~~~~~~~~~~~~~~~~~~~~
/home/billcipher/Documents/PenLab/Lab0/Sources/uart.c:24:5: error: 'USART1' undeclared (first use in this function)
   24 |     USART1->BRR = 0x4C;   // 8MHz / 115200 ≈ 69.44 → BRR = 0x4C (76)
      |     ^~~~~~
/home/billcipher/Documents/PenLab/Lab0/Sources/uart.c:25:19: error: 'USART_CR1_UE' undeclared (first use in this function)
   25 |     USART1->CR1 = USART_CR1_UE | USART_CR1_TE | USART_CR1_RE; // Enable UART, TX, RX
      |                   ^~~~~~~~~~~~
/home/billcipher/Documents/PenLab/Lab0/Sources/uart.c:25:34: error: 'USART_CR1_TE' undeclared (first use in this function)
   25 |     USART1->CR1 = USART_CR1_UE | USART_CR1_TE | USART_CR1_RE; // Enable UART, TX, RX
      |                                  ^~~~~~~~~~~~
/home/billcipher/Documents/PenLab/Lab0/Sources/uart.c:25:49: error: 'USART_CR1_RE' undeclared (first use in this function)
   25 |     USART1->CR1 = USART_CR1_UE | USART_CR1_TE | USART_CR1_RE; // Enable UART, TX, RX
      |                                                 ^~~~~~~~~~~~
/home/billcipher/Documents/PenLab/Lab0/Sources/uart.c: At top level:
/home/billcipher/Documents/PenLab/Lab0/Sources/uart.c:29:17: error: unknown type name 'uint8_t'
   29 | void UART1_Send(uint8_t data) {
      |                 ^~~~~~~
/home/billcipher/Documents/PenLab/Lab0/Sources/uart.c:10:1: note: 'uint8_t' is defined in header '<stdint.h>'; this is probably fixable by adding '#include <stdint.h>'
    9 | #include "uart.h"
  +++ |+#include <stdint.h>
   10 | 
/home/billcipher/Documents/PenLab/Lab0/Sources/uart.c:35:1: error: unknown type name 'uint8_t'
   35 | uint8_t UART1_Receive(void) {
      | ^~~~~~~
/home/billcipher/Documents/PenLab/Lab0/Sources/uart.c:35:1: note: 'uint8_t' is defined in header '<stdint.h>'; this is probably fixable by adding '#include <stdint.h>'
/home/billcipher/Documents/PenLab/Lab0/Sources/uart.c: In function 'UART1_Receive':
/home/billcipher/Documents/PenLab/Lab0/Sources/uart.c:36:5: error: unknown type name 'uint32_t'
   36 |     uint32_t timeout = 100000; // Adjust based on your clock speed
      |     ^~~~~~~~
/home/billcipher/Documents/PenLab/Lab0/Sources/uart.c:36:5: note: 'uint32_t' is defined in header '<stdint.h>'; this is probably fixable by adding '#include <stdint.h>'
/home/billcipher/Documents/PenLab/Lab0/Sources/uart.c:37:13: error: 'USART1' undeclared (first use in this function)
   37 |     while(!(USART1->ISR & USART_ISR_RXNE)) {
      |             ^~~~~~
/home/billcipher/Documents/PenLab/Lab0/Sources/uart.c:37:27: error: 'USART_ISR_RXNE' undeclared (first use in this function)
   37 |     while(!(USART1->ISR & USART_ISR_RXNE)) {
      |                           ^~~~~~~~~~~~~~
/home/billcipher/Documents/PenLab/Lab0/Sources/uart.c: In function 'UART1_SendString':
/home/billcipher/Documents/PenLab/Lab0/Sources/uart.c:46:9: error: implicit declaration of function 'UART1_Send' [-Wimplicit-function-declaration]
   46 |         UART1_Send(*str++);
      |         ^~~~~~~~~~
/home/billcipher/Documents/PenLab/Lab0/Sources/uart.c: In function 'UART1_Receive':
/home/billcipher/Documents/PenLab/Lab0/Sources/uart.c:41:1: error: control reaches end of non-void function [-Werror=return-type]
   41 | }
      | ^
cc1: all warnings being treated as errors
gmake[2]: *** [CMakeFiles/Lab0.dir/build.make:145: CMakeFiles/Lab0.dir/Sources/uart.c.obj] Error 1
gmake[1]: *** [CMakeFiles/Makefile2:83: CMakeFiles/Lab0.dir/all] Error 2
gmake: *** [Makefile:91: all] Error 2
"cmake --build Debug" terminated with exit code 2. Build might be incomplete.
14:07:18 **** Incremental Build of configuration Debug for project Lab0 ****
cmake --build Debug 
[ 14%] Building C object CMakeFiles/Lab0.dir/Sources/main.c.obj
[ 28%] Building C object CMakeFiles/Lab0.dir/Sources/uart.c.obj
[ 42%] Linking C executable Lab0.elf
   text	   data	    bss	    dec	    hex	filename
   1516	      4	   1564	   3084	    c0c	/home/billcipher/Documents/PenLab/Lab0/Debug/Lab0.elf
[100%] Built target Lab0
14:13:31 **** Incremental Build of configuration Debug for project Lab0 ****
cmake --build Debug 
[ 14%] Building C object CMakeFiles/Lab0.dir/Sources/main.c.obj
[ 28%] Building C object CMakeFiles/Lab0.dir/Sources/uart.c.obj
[ 42%] Linking C executable Lab0.elf
   text	   data	    bss	    dec	    hex	filename
   1720	      4	   1564	   3288	    cd8	/home/billcipher/Documents/PenLab/Lab0/Debug/Lab0.elf
[100%] Built target Lab0
14:13:40 **** Incremental Build of configuration Debug for project Lab0 ****
cmake --build Debug 
[100%] Built target Lab0
14:16:17 **** Incremental Build of configuration Debug for project Lab0 ****
cmake --build Debug 
[100%] Built target Lab0
14:19:49 **** Incremental Build of configuration Debug for project Lab0 ****
cmake --build Debug 
[100%] Built target Lab0
14:21:29 **** Incremental Build of configuration Debug for project Lab0 ****
cmake --build Debug 
[100%] Built target Lab0
14:23:05 **** Incremental Build of configuration Debug for project Lab0 ****
cmake --build Debug 
[100%] Built target Lab0
22:09:15 **** Incremental Build of configuration Debug for project Lab0 ****
cmake --build Debug 
[ 14%] Building C object CMakeFiles/Lab0.dir/Sources/main.c.obj
[ 28%] Linking C executable Lab0.elf
   text	   data	    bss	    dec	    hex	filename
   1744	      4	   1564	   3312	    cf0	/home/billcipher/Documents/PenLab/Lab0/Debug/Lab0.elf
[100%] Built target Lab0
22:09:26 **** Incremental Build of configuration Debug for project Lab0 ****
cmake --build Debug 
[100%] Built target Lab0
22:11:36 **** Incremental Build of configuration Debug for project Lab0 ****
cmake --build Debug 
[ 14%] Building C object CMakeFiles/Lab0.dir/Sources/uart.c.obj
[ 28%] Linking C executable Lab0.elf
   text	   data	    bss	    dec	    hex	filename
   1764	      4	   1564	   3332	    d04	/home/billcipher/Documents/PenLab/Lab0/Debug/Lab0.elf
[100%] Built target Lab0
22:15:35 **** Incremental Build of configuration Debug for project Lab0 ****
cmake --build Debug 
[ 14%] Building C object CMakeFiles/Lab0.dir/Sources/uart.c.obj
[ 28%] Linking C executable Lab0.elf
   text	   data	    bss	    dec	    hex	filename
   1764	      4	   1564	   3332	    d04	/home/billcipher/Documents/PenLab/Lab0/Debug/Lab0.elf
[100%] Built target Lab0
22:15:43 **** Incremental Build of configuration Debug for project Lab0 ****
cmake --build Debug 
[100%] Built target Lab0
22:17:04 **** Incremental Build of configuration Debug for project Lab0 ****
cmake --build Debug 
[100%] Built target Lab0
22:23:31 **** Incremental Build of configuration Debug for project Lab0 ****
cmake --build Debug 
[ 14%] Building C object CMakeFiles/Lab0.dir/Sources/uart.c.obj
[ 28%] Linking C executable Lab0.elf
   text	   data	    bss	    dec	    hex	filename
   1764	      4	   1564	   3332	    d04	/home/billcipher/Documents/PenLab/Lab0/Debug/Lab0.elf
[100%] Built target Lab0
22:24:25 **** Incremental Build of configuration Debug for project Lab0 ****
cmake --build Debug 
[ 14%] Building C object CMakeFiles/Lab0.dir/Sources/uart.c.obj
[ 28%] Linking C executable Lab0.elf
   text	   data	    bss	    dec	    hex	filename
   1764	      4	   1564	   3332	    d04	/home/billcipher/Documents/PenLab/Lab0/Debug/Lab0.elf
[100%] Built target Lab0
22:43:45 **** Incremental Build of configuration Debug for project Lab0 ****
cmake --build Debug 
-- Configuring done (0.0s)
-- Generating done (0.0s)
-- Build files have been written to: /home/billcipher/Documents/PenLab/Lab0/Debug
[ 12%] Building C object CMakeFiles/Lab0.dir/Sources/main.c.obj
/home/billcipher/Documents/PenLab/Lab0/Sources/main.c: In function 'main':
/home/billcipher/Documents/PenLab/Lab0/Sources/main.c:36:13: error: subscripted value is neither array nor pointer nor vector
   36 |     bno_data[0]++;
      |             ^
/home/billcipher/Documents/PenLab/Lab0/Sources/main.c:40:13: error: implicit declaration of function 'sprintf' [-Wimplicit-function-declaration]
   40 |             sprintf(printBuffer, "%u \n\r", bno_data);
      |             ^~~~~~~
/home/billcipher/Documents/PenLab/Lab0/Sources/main.c:4:1: note: include '<stdio.h>' or provide a declaration of 'sprintf'
    3 | #include "general_functions.h"
  +++ |+#include <stdio.h>
    4 | 
/home/billcipher/Documents/PenLab/Lab0/Sources/main.c:40:13: error: incompatible implicit declaration of built-in function 'sprintf' [-Werror=builtin-declaration-mismatch]
   40 |             sprintf(printBuffer, "%u \n\r", bno_data);
      |             ^~~~~~~
/home/billcipher/Documents/PenLab/Lab0/Sources/main.c:40:13: note: include '<stdio.h>' or provide a declaration of 'sprintf'
cc1: all warnings being treated as errors
gmake[2]: *** [CMakeFiles/Lab0.dir/build.make:89: CMakeFiles/Lab0.dir/Sources/main.c.obj] Error 1
gmake[1]: *** [CMakeFiles/Makefile2:83: CMakeFiles/Lab0.dir/all] Error 2
gmake: *** [Makefile:91: all] Error 2
"cmake --build Debug" terminated with exit code 2. Build might be incomplete.
22:44:06 **** Incremental Build of configuration Debug for project Lab0 ****
cmake --build Debug 
[ 12%] Building C object CMakeFiles/Lab0.dir/Sources/main.c.obj
[ 25%] Building C object CMakeFiles/Lab0.dir/Sources/uart.c.obj
In file included from /home/billcipher/Documents/PenLab/Lab0/Sources/uart.c:10:
/home/billcipher/Documents/PenLab/Lab0/Sources/uart.c: In function 'UART1_Send':
/home/billcipher/Documents/PenLab/Lab0/Sources/uart.c:37:34: error: suggest parentheses around comparison in operand of '&' [-Werror=parentheses]
   37 |         assert(initialized_uarts & 0b1 == 0b1);
      |                                  ^
/home/billcipher/Documents/PenLab/Lab0/Sources/uart.c: In function 'UART1_Receive':
/home/billcipher/Documents/PenLab/Lab0/Sources/uart.c:44:34: error: suggest parentheses around comparison in operand of '&' [-Werror=parentheses]
   44 |         assert(initialized_uarts & 0b1 == 0b1);
      |                                  ^
/home/billcipher/Documents/PenLab/Lab0/Sources/uart.c: In function 'UART2_Send':
/home/billcipher/Documents/PenLab/Lab0/Sources/uart.c:77:34: error: suggest parentheses around comparison in operand of '&' [-Werror=parentheses]
   77 |         assert(initialized_uarts & 0b10 == 0b10);
      |                                  ^
cc1: all warnings being treated as errors
gmake[2]: *** [CMakeFiles/Lab0.dir/build.make:145: CMakeFiles/Lab0.dir/Sources/uart.c.obj] Error 1
gmake[1]: *** [CMakeFiles/Makefile2:83: CMakeFiles/Lab0.dir/all] Error 2
gmake: *** [Makefile:91: all] Error 2
"cmake --build Debug" terminated with exit code 2. Build might be incomplete.
22:44:38 **** Incremental Build of configuration Debug for project Lab0 ****
cmake --build Debug 
[ 12%] Building C object CMakeFiles/Lab0.dir/Sources/uart.c.obj
In file included from /home/billcipher/Documents/PenLab/Lab0/Sources/uart.c:10:
/home/billcipher/Documents/PenLab/Lab0/Sources/uart.c: In function 'UART2_Send':
/home/billcipher/Documents/PenLab/Lab0/Sources/uart.c:77:34: error: suggest parentheses around comparison in operand of '&' [-Werror=parentheses]
   77 |         assert(initialized_uarts & 0b10 == 0b10);
      |                                  ^
cc1: all warnings being treated as errors
gmake[2]: *** [CMakeFiles/Lab0.dir/build.make:145: CMakeFiles/Lab0.dir/Sources/uart.c.obj] Error 1
gmake[1]: *** [CMakeFiles/Makefile2:83: CMakeFiles/Lab0.dir/all] Error 2
gmake: *** [Makefile:91: all] Error 2
"cmake --build Debug" terminated with exit code 2. Build might be incomplete.
22:44:53 **** Incremental Build of configuration Debug for project Lab0 ****
cmake --build Debug 
[ 12%] Building C object CMakeFiles/Lab0.dir/Sources/uart.c.obj
[ 25%] Building C object CMakeFiles/Lab0.dir/Sources/general_functions.c.obj
/home/billcipher/Documents/PenLab/Lab0/Sources/general_functions.c: In function 'uart_printf':
/home/billcipher/Documents/PenLab/Lab0/Sources/general_functions.c:11:9: error: implicit declaration of function 'UART2_Init' [-Wimplicit-function-declaration]
   11 |         UART2_Init();
      |         ^~~~~~~~~~
/home/billcipher/Documents/PenLab/Lab0/Sources/general_functions.c:12:9: error: implicit declaration of function 'UART1_SendString' [-Wimplicit-function-declaration]
   12 |         UART1_SendString(string);
      |         ^~~~~~~~~~~~~~~~
gmake[2]: *** [CMakeFiles/Lab0.dir/build.make:159: CMakeFiles/Lab0.dir/Sources/general_functions.c.obj] Error 1
gmake[1]: *** [CMakeFiles/Makefile2:83: CMakeFiles/Lab0.dir/all] Error 2
gmake: *** [Makefile:91: all] Error 2
"cmake --build Debug" terminated with exit code 2. Build might be incomplete.
22:45:37 **** Incremental Build of configuration Debug for project Lab0 ****
cmake --build Debug 
[ 12%] Building C object CMakeFiles/Lab0.dir/Sources/general_functions.c.obj
[ 25%] Linking C executable Lab0.elf
   text	   data	    bss	    dec	    hex	filename
   7700	     96	   1904	   9700	   25e4	/home/billcipher/Documents/PenLab/Lab0/Debug/Lab0.elf
[100%] Built target Lab0
22:46:12 **** Incremental Build of configuration Debug for project Lab0 ****
cmake --build Debug 
[ 12%] Building C object CMakeFiles/Lab0.dir/Sources/main.c.obj
[ 25%] Linking C executable Lab0.elf
   text	   data	    bss	    dec	    hex	filename
   7700	     96	   1904	   9700	   25e4	/home/billcipher/Documents/PenLab/Lab0/Debug/Lab0.elf
[100%] Built target Lab0
23:04:43 **** Incremental Build of configuration Debug for project Lab0 ****
cmake --build Debug 
[ 12%] Building C object CMakeFiles/Lab0.dir/Sources/main.c.obj
/home/billcipher/Documents/PenLab/Lab0/Sources/main.c: In function 'main':
/home/billcipher/Documents/PenLab/Lab0/Sources/main.c:17:5: error: implicit declaration of function 'initialize_BNO_UART_RVC' [-Wimplicit-function-declaration]
   17 |     initialize_BNO_UART_RVC();    //configures UART1 for BNO
      |     ^~~~~~~~~~~~~~~~~~~~~~~
/home/billcipher/Documents/PenLab/Lab0/Sources/main.c:19:9: error: implicit declaration of function 'print_bno_data' [-Wimplicit-function-declaration]
   19 |         print_bno_data();
      |         ^~~~~~~~~~~~~~
gmake[2]: *** [CMakeFiles/Lab0.dir/build.make:89: CMakeFiles/Lab0.dir/Sources/main.c.obj] Error 1
gmake[1]: *** [CMakeFiles/Makefile2:83: CMakeFiles/Lab0.dir/all] Error 2
gmake: *** [Makefile:91: all] Error 2
"cmake --build Debug" terminated with exit code 2. Build might be incomplete.
23:05:13 **** Incremental Build of configuration Debug for project Lab0 ****
cmake --build Debug 
[ 12%] Building C object CMakeFiles/Lab0.dir/Sources/main.c.obj
[ 25%] Building C object CMakeFiles/Lab0.dir/Sources/uart.c.obj
[ 37%] Linking C executable Lab0.elf
/home/billcipher/arm-gnu-toolchain-14.2.rel1-x86_64-arm-none-eabi/bin/../lib/gcc/arm-none-eabi/14.2.1/../../../../arm-none-eabi/bin/ld: CMakeFiles/Lab0.dir/Sources/main.c.obj: in function `main':
/home/billcipher/Documents/PenLab/Lab0/Sources/main.c:18:(.text+0x2e): undefined reference to `initialize_BNO_UART_RVC'
/home/billcipher/arm-gnu-toolchain-14.2.rel1-x86_64-arm-none-eabi/bin/../lib/gcc/arm-none-eabi/14.2.1/../../../../arm-none-eabi/bin/ld: /home/billcipher/Documents/PenLab/Lab0/Sources/main.c:20:(.text+0x32): undefined reference to `print_bno_data'
collect2: error: ld returned 1 exit status
gmake[2]: *** [CMakeFiles/Lab0.dir/build.make:192: Lab0.elf] Error 1
gmake[1]: *** [CMakeFiles/Makefile2:83: CMakeFiles/Lab0.dir/all] Error 2
gmake: *** [Makefile:91: all] Error 2
"cmake --build Debug" terminated with exit code 2. Build might be incomplete.
23:06:41 **** Incremental Build of configuration Debug for project Lab0 ****
cmake --build Debug 
-- Configuring done (0.0s)
-- Generating done (0.0s)
-- Build files have been written to: /home/billcipher/Documents/PenLab/Lab0/Debug
[ 11%] Building C object CMakeFiles/Lab0.dir/Sources/bno0xx.c.obj
[ 22%] Linking C executable Lab0.elf
   text	   data	    bss	    dec	    hex	filename
   7588	     96	   1928	   9612	   258c	/home/billcipher/Documents/PenLab/Lab0/Debug/Lab0.elf
[100%] Built target Lab0
23:06:49 **** Incremental Build of configuration Debug for project Lab0 ****
cmake --build Debug 
[100%] Built target Lab0
23:08:05 **** Incremental Build of configuration Debug for project Lab0 ****
cmake --build Debug 
[100%] Built target Lab0
23:08:58 **** Incremental Build of configuration Debug for project Lab0 ****
cmake --build Debug 
[ 11%] Building C object CMakeFiles/Lab0.dir/Sources/uart.c.obj
[ 22%] Linking C executable Lab0.elf
   text	   data	    bss	    dec	    hex	filename
   7588	     96	   1928	   9612	   258c	/home/billcipher/Documents/PenLab/Lab0/Debug/Lab0.elf
[100%] Built target Lab0
23:09:09 **** Incremental Build of configuration Debug for project Lab0 ****
cmake --build Debug 
[100%] Built target Lab0
23:09:18 **** Incremental Build of configuration Debug for project Lab0 ****
cmake --build Debug 
[100%] Built target Lab0
23:09:57 **** Incremental Build of configuration Debug for project Lab0 ****
cmake --build Debug 
[100%] Built target Lab0
23:19:59 **** Incremental Build of configuration Debug for project Lab0 ****
cmake --build Debug 
[ 11%] Building C object CMakeFiles/Lab0.dir/Sources/main.c.obj
[ 22%] Linking C executable Lab0.elf
   text	   data	    bss	    dec	    hex	filename
   6560	     96	   1904	   8560	   2170	/home/billcipher/Documents/PenLab/Lab0/Debug/Lab0.elf
[100%] Built target Lab0
23:20:27 **** Incremental Build of configuration Debug for project Lab0 ****
cmake --build Debug 
[100%] Built target Lab0
23:21:08 **** Incremental Build of configuration Debug for project Lab0 ****
cmake --build Debug 
[ 11%] Building C object CMakeFiles/Lab0.dir/Sources/main.c.obj
[ 22%] Linking C executable Lab0.elf
   text	   data	    bss	    dec	    hex	filename
   6516	     96	   1904	   8516	   2144	/home/billcipher/Documents/PenLab/Lab0/Debug/Lab0.elf
[100%] Built target Lab0
23:21:20 **** Incremental Build of configuration Debug for project Lab0 ****
cmake --build Debug 
[ 11%] Building C object CMakeFiles/Lab0.dir/Sources/main.c.obj
[ 22%] Linking C executable Lab0.elf
   text	   data	    bss	    dec	    hex	filename
   6516	     96	   1904	   8516	   2144	/home/billcipher/Documents/PenLab/Lab0/Debug/Lab0.elf
[100%] Built target Lab0
23:22:06 **** Incremental Build of configuration Debug for project Lab0 ****
cmake --build Debug 
[ 11%] Building C object CMakeFiles/Lab0.dir/Sources/uart.c.obj
[ 22%] Linking C executable Lab0.elf
   text	   data	    bss	    dec	    hex	filename
   1540	      4	   1564	   3108	    c24	/home/billcipher/Documents/PenLab/Lab0/Debug/Lab0.elf
[100%] Built target Lab0
23:23:00 **** Incremental Build of configuration Debug for project Lab0 ****
cmake --build Debug 
[ 11%] Building C object CMakeFiles/Lab0.dir/Sources/main.c.obj
[ 22%] Building C object CMakeFiles/Lab0.dir/Sources/uart.c.obj
[ 33%] Linking C executable Lab0.elf
   text	   data	    bss	    dec	    hex	filename
   1516	      4	   1564	   3084	    c0c	/home/billcipher/Documents/PenLab/Lab0/Debug/Lab0.elf
[100%] Built target Lab0
23:23:23 **** Incremental Build of configuration Debug for project Lab0 ****
cmake --build Debug 
[ 11%] Building C object CMakeFiles/Lab0.dir/Sources/main.c.obj
[ 22%] Linking C executable Lab0.elf
   text	   data	    bss	    dec	    hex	filename
   1544	      4	   1564	   3112	    c28	/home/billcipher/Documents/PenLab/Lab0/Debug/Lab0.elf
[100%] Built target Lab0
23:24:04 **** Incremental Build of configuration Debug for project Lab0 ****
cmake --build Debug 
[ 11%] Building C object CMakeFiles/Lab0.dir/Sources/main.c.obj
[ 22%] Linking C executable Lab0.elf
   text	   data	    bss	    dec	    hex	filename
   1516	      4	   1564	   3084	    c0c	/home/billcipher/Documents/PenLab/Lab0/Debug/Lab0.elf
[100%] Built target Lab0
23:24:32 **** Incremental Build of configuration Debug for project Lab0 ****
cmake --build Debug 
[ 11%] Building C object CMakeFiles/Lab0.dir/Sources/main.c.obj
[ 22%] Linking C executable Lab0.elf
   text	   data	    bss	    dec	    hex	filename
   4248	     84	   1924	   6256	   1870	/home/billcipher/Documents/PenLab/Lab0/Debug/Lab0.elf
[100%] Built target Lab0
